<?xml version="1.0" encoding="UTF-8"?>
<!-- Generated by org.testng.reporters.JUnitXMLReporter -->
<testsuite hostname="ASDA1573PO02037" name="Default test" tests="4" failures="0" timestamp="22 Jul 2019 06:06:01 GMT" time="27.439" errors="0">
  <testcase name="Test2Clickonsignin" time="5.062" classname="SendMavenEmail.MacmillanInstructorModule.LoginPageAutomationTest"/>
  <testcase name="Test3Username" time="2.184" classname="SendMavenEmail.MacmillanInstructorModule.LoginPageAutomationTest"/>
  <testcase name="Test4Password" time="2.161" classname="SendMavenEmail.MacmillanInstructorModule.LoginPageAutomationTest"/>
  <testcase name="Test5" time="2.084" classname="SendMavenEmail.MacmillanInstructorModule.LoginPageAutomationTest"/>
</testsuite> <!-- Default test -->
