<?xml version="1.0" encoding="UTF-8"?>
<testng-results skipped="0" failed="1" total="7" passed="6">
  <reporter-output>
  </reporter-output>
  <suite name="Default suite" duration-ms="49244" started-at="2019-07-19T11:05:45Z" finished-at="2019-07-19T11:06:34Z">
    <groups>
    </groups>
    <test name="Default test" duration-ms="49244" started-at="2019-07-19T11:05:45Z" finished-at="2019-07-19T11:06:34Z">
      <class name="SendMavenEmail.MacmillanInstructorModule.RegisterPageAutomationTest">
        <test-method status="PASS" signature="launchdriver()[pri:0, instance:SendMavenEmail.MacmillanInstructorModule.RegisterPageAutomationTest@6d00a15d]" name="launchdriver" is-config="true" duration-ms="17676" started-at="2019-07-19T16:35:45Z" finished-at="2019-07-19T16:36:02Z">
          <reporter-output>
          </reporter-output>
        </test-method> <!-- launchdriver -->
        <test-method status="PASS" signature="Test01Clickonsignin()[pri:0, instance:SendMavenEmail.MacmillanInstructorModule.RegisterPageAutomationTest@6d00a15d]" name="Test01Clickonsignin" duration-ms="5070" started-at="2019-07-19T16:36:02Z" finished-at="2019-07-19T16:36:08Z">
          <reporter-output>
          </reporter-output>
        </test-method> <!-- Test01Clickonsignin -->
        <test-method status="PASS" signature="Test02CreateAccount()[pri:0, instance:SendMavenEmail.MacmillanInstructorModule.RegisterPageAutomationTest@6d00a15d]" name="Test02CreateAccount" duration-ms="2468" started-at="2019-07-19T16:36:08Z" finished-at="2019-07-19T16:36:10Z">
          <reporter-output>
          </reporter-output>
        </test-method> <!-- Test02CreateAccount -->
        <test-method status="PASS" signature="Test03FillDetails()[pri:0, instance:SendMavenEmail.MacmillanInstructorModule.RegisterPageAutomationTest@6d00a15d]" name="Test03FillDetails" duration-ms="11624" started-at="2019-07-19T16:36:10Z" finished-at="2019-07-19T16:36:22Z">
          <reporter-output>
          </reporter-output>
        </test-method> <!-- Test03FillDetails -->
        <test-method status="PASS" signature="Test04SecurityquestionNo1()[pri:0, instance:SendMavenEmail.MacmillanInstructorModule.RegisterPageAutomationTest@6d00a15d]" name="Test04SecurityquestionNo1" duration-ms="4273" started-at="2019-07-19T16:36:22Z" finished-at="2019-07-19T16:36:26Z">
          <reporter-output>
          </reporter-output>
        </test-method> <!-- Test04SecurityquestionNo1 -->
        <test-method status="PASS" signature="Test05SecurityquestionNo2()[pri:0, instance:SendMavenEmail.MacmillanInstructorModule.RegisterPageAutomationTest@6d00a15d]" name="Test05SecurityquestionNo2" duration-ms="2223" started-at="2019-07-19T16:36:26Z" finished-at="2019-07-19T16:36:28Z">
          <reporter-output>
          </reporter-output>
        </test-method> <!-- Test05SecurityquestionNo2 -->
        <test-method status="PASS" signature="Test06SecurityquestionNo3()[pri:0, instance:SendMavenEmail.MacmillanInstructorModule.RegisterPageAutomationTest@6d00a15d]" name="Test06SecurityquestionNo3" duration-ms="2219" started-at="2019-07-19T16:36:28Z" finished-at="2019-07-19T16:36:30Z">
          <reporter-output>
          </reporter-output>
        </test-method> <!-- Test06SecurityquestionNo3 -->
        <test-method status="FAIL" signature="Test07FillDetails()[pri:0, instance:SendMavenEmail.MacmillanInstructorModule.RegisterPageAutomationTest@6d00a15d]" name="Test07FillDetails" duration-ms="1372" started-at="2019-07-19T16:36:30Z" finished-at="2019-07-19T16:36:32Z">
          <exception class="org.openqa.selenium.NoSuchElementException">
            <message>
              <![CDATA[no such element: Unable to locate element: {"method":"xpath","selector":"//span[text()='Fortis College']"}
  (Session info: chrome=75.0.3770.90)
  (Driver info: chromedriver=2.41.578700 (2f1ed5f9343c13f73144538f15c00b370eda6706),platform=Linux 4.15.0-54-generic x86_64) (WARNING: The server did not provide any stacktrace information)
Command duration or timeout: 0 milliseconds
For documentation on this error, please visit: https://www.seleniumhq.org/exceptions/no_such_element.html
Build info: version: '3.141.59', revision: 'e82be7d358', time: '2018-11-14T08:17:03'
System info: host: 'ASDA1573PO02037', ip: '127.0.1.1', os.name: 'Linux', os.arch: 'amd64', os.version: '4.15.0-54-generic', java.version: '1.8.0_212'
Driver info: org.openqa.selenium.chrome.ChromeDriver
Capabilities {acceptInsecureCerts: false, acceptSslCerts: false, applicationCacheEnabled: false, browserConnectionEnabled: false, browserName: chrome, chrome: {chromedriverVersion: 2.41.578700 (2f1ed5f9343c13..., userDataDir: /tmp/.org.chromium.Chromium...}, cssSelectorsEnabled: true, databaseEnabled: false, goog:chromeOptions: {debuggerAddress: localhost:34899}, handlesAlerts: true, hasTouchScreen: false, javascriptEnabled: true, locationContextEnabled: true, mobileEmulationEnabled: false, nativeEvents: true, networkConnectionEnabled: false, pageLoadStrategy: normal, platform: LINUX, platformName: LINUX, rotatable: false, setWindowRect: true, takesHeapSnapshot: true, takesScreenshot: true, unexpectedAlertBehaviour: , unhandledPromptBehavior: , version: 75.0.3770.90, webStorageEnabled: true}
Session ID: 42aee71c239ec1fd1355e776ac74bb8e
*** Element info: {Using=xpath, value=//span[text()='Fortis College']}]]>
            </message>
            <full-stacktrace>
              <![CDATA[org.openqa.selenium.NoSuchElementException: no such element: Unable to locate element: {"method":"xpath","selector":"//span[text()='Fortis College']"}
  (Session info: chrome=75.0.3770.90)
  (Driver info: chromedriver=2.41.578700 (2f1ed5f9343c13f73144538f15c00b370eda6706),platform=Linux 4.15.0-54-generic x86_64) (WARNING: The server did not provide any stacktrace information)
Command duration or timeout: 0 milliseconds
For documentation on this error, please visit: https://www.seleniumhq.org/exceptions/no_such_element.html
Build info: version: '3.141.59', revision: 'e82be7d358', time: '2018-11-14T08:17:03'
System info: host: 'ASDA1573PO02037', ip: '127.0.1.1', os.name: 'Linux', os.arch: 'amd64', os.version: '4.15.0-54-generic', java.version: '1.8.0_212'
Driver info: org.openqa.selenium.chrome.ChromeDriver
Capabilities {acceptInsecureCerts: false, acceptSslCerts: false, applicationCacheEnabled: false, browserConnectionEnabled: false, browserName: chrome, chrome: {chromedriverVersion: 2.41.578700 (2f1ed5f9343c13..., userDataDir: /tmp/.org.chromium.Chromium...}, cssSelectorsEnabled: true, databaseEnabled: false, goog:chromeOptions: {debuggerAddress: localhost:34899}, handlesAlerts: true, hasTouchScreen: false, javascriptEnabled: true, locationContextEnabled: true, mobileEmulationEnabled: false, nativeEvents: true, networkConnectionEnabled: false, pageLoadStrategy: normal, platform: LINUX, platformName: LINUX, rotatable: false, setWindowRect: true, takesHeapSnapshot: true, takesScreenshot: true, unexpectedAlertBehaviour: , unhandledPromptBehavior: , version: 75.0.3770.90, webStorageEnabled: true}
Session ID: 42aee71c239ec1fd1355e776ac74bb8e
*** Element info: {Using=xpath, value=//span[text()='Fortis College']}
	at sun.reflect.NativeConstructorAccessorImpl.newInstance0(Native Method)
	at sun.reflect.NativeConstructorAccessorImpl.newInstance(NativeConstructorAccessorImpl.java:62)
	at sun.reflect.DelegatingConstructorAccessorImpl.newInstance(DelegatingConstructorAccessorImpl.java:45)
	at java.lang.reflect.Constructor.newInstance(Constructor.java:423)
	at org.openqa.selenium.remote.ErrorHandler.createThrowable(ErrorHandler.java:214)
	at org.openqa.selenium.remote.ErrorHandler.throwIfResponseFailed(ErrorHandler.java:166)
	at org.openqa.selenium.remote.http.JsonHttpResponseCodec.reconstructValue(JsonHttpResponseCodec.java:40)
	at org.openqa.selenium.remote.http.AbstractHttpResponseCodec.decode(AbstractHttpResponseCodec.java:80)
	at org.openqa.selenium.remote.http.AbstractHttpResponseCodec.decode(AbstractHttpResponseCodec.java:44)
	at org.openqa.selenium.remote.HttpCommandExecutor.execute(HttpCommandExecutor.java:158)
	at org.openqa.selenium.remote.service.DriverCommandExecutor.execute(DriverCommandExecutor.java:83)
	at org.openqa.selenium.remote.RemoteWebDriver.execute(RemoteWebDriver.java:552)
	at org.openqa.selenium.remote.RemoteWebDriver.findElement(RemoteWebDriver.java:323)
	at org.openqa.selenium.remote.RemoteWebDriver.findElementByXPath(RemoteWebDriver.java:428)
	at org.openqa.selenium.By$ByXPath.findElement(By.java:353)
	at org.openqa.selenium.remote.RemoteWebDriver.findElement(RemoteWebDriver.java:315)
	at SendMavenEmail.MacmillanInstructorModule.GetPage.elementXpath(GetPage.java:22)
	at SendMavenEmail.MacmillanInstructorModule.GetPage.driverfind(GetPage.java:35)
	at SendMavenEmail.MacmillanInstructorModule.RegisterPageAutomationTestAction.filldetails(RegisterPageAutomationTestAction.java:84)
	at SendMavenEmail.MacmillanInstructorModule.RegisterPageAutomationTest.Test07FillDetails(RegisterPageAutomationTest.java:41)
	at sun.reflect.NativeMethodAccessorImpl.invoke0(Native Method)
	at sun.reflect.NativeMethodAccessorImpl.invoke(NativeMethodAccessorImpl.java:62)
	at sun.reflect.DelegatingMethodAccessorImpl.invoke(DelegatingMethodAccessorImpl.java:43)
	at java.lang.reflect.Method.invoke(Method.java:498)
	at org.testng.internal.MethodInvocationHelper.invokeMethod(MethodInvocationHelper.java:84)
	at org.testng.internal.Invoker.invokeMethod(Invoker.java:714)
	at org.testng.internal.Invoker.invokeTestMethod(Invoker.java:901)
	at org.testng.internal.Invoker.invokeTestMethods(Invoker.java:1231)
	at org.testng.internal.TestMethodWorker.invokeTestMethods(TestMethodWorker.java:127)
	at org.testng.internal.TestMethodWorker.run(TestMethodWorker.java:111)
	at org.testng.TestRunner.privateRun(TestRunner.java:767)
	at org.testng.TestRunner.run(TestRunner.java:617)
	at org.testng.SuiteRunner.runTest(SuiteRunner.java:348)
	at org.testng.SuiteRunner.runSequentially(SuiteRunner.java:343)
	at org.testng.SuiteRunner.privateRun(SuiteRunner.java:305)
	at org.testng.SuiteRunner.run(SuiteRunner.java:254)
	at org.testng.SuiteRunnerWorker.runSuite(SuiteRunnerWorker.java:52)
	at org.testng.SuiteRunnerWorker.run(SuiteRunnerWorker.java:86)
	at org.testng.TestNG.runSuitesSequentially(TestNG.java:1224)
	at org.testng.TestNG.runSuitesLocally(TestNG.java:1149)
	at org.testng.TestNG.run(TestNG.java:1057)
	at org.testng.remote.AbstractRemoteTestNG.run(AbstractRemoteTestNG.java:115)
	at org.testng.remote.RemoteTestNG.initAndRun(RemoteTestNG.java:251)
	at org.testng.remote.RemoteTestNG.main(RemoteTestNG.java:77)
]]>
            </full-stacktrace>
          </exception> <!-- org.openqa.selenium.NoSuchElementException -->
          <reporter-output>
          </reporter-output>
        </test-method> <!-- Test07FillDetails -->
        <test-method status="PASS" signature="Test08CheckBoxClicking()[pri:0, instance:SendMavenEmail.MacmillanInstructorModule.RegisterPageAutomationTest@6d00a15d]" name="Test08CheckBoxClicking" is-config="true" duration-ms="2284" started-at="2019-07-19T16:36:32Z" finished-at="2019-07-19T16:36:34Z">
          <reporter-output>
          </reporter-output>
        </test-method> <!-- Test08CheckBoxClicking -->
      </class> <!-- SendMavenEmail.MacmillanInstructorModule.RegisterPageAutomationTest -->
    </test> <!-- Default test -->
  </suite> <!-- Default suite -->
</testng-results>
