<?xml version="1.0" encoding="UTF-8"?>
<testng-results skipped="0" failed="0" total="4" passed="4">
  <reporter-output>
  </reporter-output>
  <suite name="Default suite" duration-ms="27439" started-at="2019-07-22T06:05:33Z" finished-at="2019-07-22T06:06:01Z">
    <groups>
    </groups>
    <test name="Default test" duration-ms="27439" started-at="2019-07-22T06:05:33Z" finished-at="2019-07-22T06:06:01Z">
      <class name="SendMavenEmail.MacmillanInstructorModule.LoginPageAutomationTest">
        <test-method status="PASS" signature="Test1LaunchDriver()[pri:0, instance:SendMavenEmail.MacmillanInstructorModule.LoginPageAutomationTest@2ef5e5e3]" name="Test1LaunchDriver" is-config="true" duration-ms="15922" started-at="2019-07-22T11:35:33Z" finished-at="2019-07-22T11:35:49Z">
          <reporter-output>
          </reporter-output>
        </test-method> <!-- Test1LaunchDriver -->
        <test-method status="PASS" signature="Test2Clickonsignin()[pri:0, instance:SendMavenEmail.MacmillanInstructorModule.LoginPageAutomationTest@2ef5e5e3]" name="Test2Clickonsignin" duration-ms="5062" started-at="2019-07-22T11:35:49Z" finished-at="2019-07-22T11:35:54Z">
          <reporter-output>
          </reporter-output>
        </test-method> <!-- Test2Clickonsignin -->
        <test-method status="PASS" signature="Test3Username()[pri:0, instance:SendMavenEmail.MacmillanInstructorModule.LoginPageAutomationTest@2ef5e5e3]" name="Test3Username" duration-ms="2184" started-at="2019-07-22T11:35:54Z" finished-at="2019-07-22T11:35:57Z">
          <reporter-output>
          </reporter-output>
        </test-method> <!-- Test3Username -->
        <test-method status="PASS" signature="Test4Password()[pri:0, instance:SendMavenEmail.MacmillanInstructorModule.LoginPageAutomationTest@2ef5e5e3]" name="Test4Password" duration-ms="2161" started-at="2019-07-22T11:35:57Z" finished-at="2019-07-22T11:35:59Z">
          <reporter-output>
          </reporter-output>
        </test-method> <!-- Test4Password -->
        <test-method status="PASS" signature="Test5()[pri:0, instance:SendMavenEmail.MacmillanInstructorModule.LoginPageAutomationTest@2ef5e5e3]" name="Test5" duration-ms="2084" started-at="2019-07-22T11:35:59Z" finished-at="2019-07-22T11:36:01Z">
          <reporter-output>
          </reporter-output>
        </test-method> <!-- Test5 -->
      </class> <!-- SendMavenEmail.MacmillanInstructorModule.LoginPageAutomationTest -->
    </test> <!-- Default test -->
  </suite> <!-- Default suite -->
</testng-results>
